<?xml version="1.0" encoding="UTF-8"?>
<testng-results skipped="0" failed="0" ignored="0" total="1" passed="1">
  <reporter-output>
  </reporter-output>
  <suite name="Default suite" duration-ms="8696" started-at="2017-05-15T19:52:33Z" finished-at="2017-05-15T19:52:41Z">
    <groups>
    </groups>
    <test name="Default test" duration-ms="8696" started-at="2017-05-15T19:52:33Z" finished-at="2017-05-15T19:52:41Z">
      <class name="Webmethods.Windowhandles">
        <test-method status="PASS" signature="excute()[pri:0, instance:Webmethods.Windowhandles@57baeedf]" name="excute" duration-ms="8671" started-at="2017-05-15T15:52:33Z" finished-at="2017-05-15T15:52:41Z">
          <reporter-output>
          </reporter-output>
        </test-method> <!-- excute -->
      </class> <!-- Webmethods.Windowhandles -->
    </test> <!-- Default test -->
  </suite> <!-- Default suite -->
</testng-results>
